<yml_catalog date="2022-11-01 11:30:09">
    <offers>
        <offer id="1001973898" avasilable="false">
            <price>4100.00</price>
        </offer>
        <offer id="17511" available="true">
            <price>4000.00</price>
            <price_old>4400.00</price_old>
        </offer>
        <offer id="asdsd" available="true">
            <price>4200.00</price>
        </offer>
        <offer id="153567" available="true">
            <pricie>3300.00</pricie>
        </offer>
        <offer id="1001740789" available="true">
            <price>uue</price>
        </offer>
    </offers>
</yml_catalog>
