<yml_catalog date="2022-11-01 11:10:09">
    <offers>
        <offer id="1001973898" available="false">
            <price>2100.00</price>
        </offer>
        <offer id="17511" available="true">
            <price>2000.00</price>
            <price_old>2400.00</price_old>
        </offer>
        <offer id="1000912254" available="true">
            <price>2200.00</price>
        </offer>
        <offer id="153567" available="true">
            <price>2300.00</price>
            <price_old>3700.00</price_old>
        </offer>
        <offer id="1001740789" available="false">
            <price>2500.00</price>
        </offer>
        <offer id="1001980693" available="true">
            <price>2600.00</price>
        </offer>
        <offer id="1001957010" available="true">
            <price>2700.00</price>
        </offer>
    </offers>
</yml_catalog>